  [1m[35m (163.9ms)[0m  [1m[35mCREATE DATABASE "server_development" ENCODING = 'unicode'[0m
  ↳ bin/rails:9
  [1m[35m (117.9ms)[0m  [1m[35mCREATE DATABASE "server_test" ENCODING = 'unicode'[0m
  ↳ bin/rails:9
  [1m[35m (12.2ms)[0m  [1m[35mCREATE TABLE "schema_migrations" ("version" character varying NOT NULL PRIMARY KEY)[0m
  ↳ bin/rails:9
  [1m[35m (9.6ms)[0m  [1m[35mCREATE TABLE "ar_internal_metadata" ("key" character varying NOT NULL PRIMARY KEY, "value" character varying, "created_at" timestamp NOT NULL, "updated_at" timestamp NOT NULL)[0m
  ↳ bin/rails:9
  [1m[35m (0.3ms)[0m  [1m[34mSELECT pg_try_advisory_lock(4709995827031202925)[0m
  ↳ bin/rails:9
  [1m[35m (0.5ms)[0m  [1m[34mSELECT "schema_migrations"."version" FROM "schema_migrations" ORDER BY "schema_migrations"."version" ASC[0m
  ↳ bin/rails:9
Migrating to CreateUsers (20230401015922)
  [1m[35m (4.9ms)[0m  [1m[35mBEGIN[0m
  ↳ bin/rails:9
  [1m[35m (0.2ms)[0m  [1m[31mROLLBACK[0m
  ↳ bin/rails:9
  [1m[35m (0.3ms)[0m  [1m[34mSELECT pg_advisory_unlock(4709995827031202925)[0m
  ↳ bin/rails:9
  [1m[35m (0.2ms)[0m  [1m[34mSELECT pg_try_advisory_lock(4709995827031202925)[0m
  ↳ bin/rails:9
  [1m[35m (0.5ms)[0m  [1m[34mSELECT "schema_migrations"."version" FROM "schema_migrations" ORDER BY "schema_migrations"."version" ASC[0m
  ↳ bin/rails:9
Migrating to CreateUsers (20230401015922)
  [1m[35m (0.2ms)[0m  [1m[35mBEGIN[0m
  ↳ bin/rails:9
  [1m[35m (8.4ms)[0m  [1m[35mCREATE TABLE "users" ("id" bigserial primary key, "username" character varying, "email" character varying, "password_digest" character varying, "created_at" timestamp NOT NULL, "updated_at" timestamp NOT NULL)[0m
  ↳ db/migrate/20230401015922_create_users.rb:3
  [1m[36mActiveRecord::SchemaMigration Create (1.0ms)[0m  [1m[32mINSERT INTO "schema_migrations" ("version") VALUES ($1) RETURNING "version"[0m  [["version", "20230401015922"]]
  ↳ bin/rails:9
  [1m[35m (1.7ms)[0m  [1m[35mCOMMIT[0m
  ↳ bin/rails:9
  [1m[36mActiveRecord::InternalMetadata Load (0.4ms)[0m  [1m[34mSELECT  "ar_internal_metadata".* FROM "ar_internal_metadata" WHERE "ar_internal_metadata"."key" = $1 LIMIT $2[0m  [["key", "environment"], ["LIMIT", 1]]
  ↳ bin/rails:9
  [1m[35m (11.8ms)[0m  [1m[35mBEGIN[0m
  ↳ bin/rails:9
  [1m[36mActiveRecord::InternalMetadata Create (2.0ms)[0m  [1m[32mINSERT INTO "ar_internal_metadata" ("key", "value", "created_at", "updated_at") VALUES ($1, $2, $3, $4) RETURNING "key"[0m  [["key", "environment"], ["value", "development"], ["created_at", "2023-04-01 02:14:43.748822"], ["updated_at", "2023-04-01 02:14:43.748822"]]
  ↳ bin/rails:9
  [1m[35m (1.8ms)[0m  [1m[35mCOMMIT[0m
  ↳ bin/rails:9
  [1m[35m (0.3ms)[0m  [1m[34mSELECT pg_advisory_unlock(4709995827031202925)[0m
  ↳ bin/rails:9
  [1m[35m (1.6ms)[0m  [1m[34mSELECT "schema_migrations"."version" FROM "schema_migrations" ORDER BY "schema_migrations"."version" ASC[0m
  ↳ bin/rails:9
Started GET "/" for ::1 at 2023-04-01 13:41:21 +1100
  [1m[35m (0.7ms)[0m  [1m[34mSELECT "schema_migrations"."version" FROM "schema_migrations" ORDER BY "schema_migrations"."version" ASC[0m
  ↳ /home/hue/.rvm/gems/ruby-2.7.7/gems/activerecord-5.2.8.1/lib/active_record/log_subscriber.rb:98
Processing by Rails::WelcomeController#index as HTML
  Rendering /home/hue/.rvm/gems/ruby-2.7.7/gems/railties-5.2.8.1/lib/rails/templates/rails/welcome/index.html.erb
  Rendered /home/hue/.rvm/gems/ruby-2.7.7/gems/railties-5.2.8.1/lib/rails/templates/rails/welcome/index.html.erb (12.5ms)
Completed 200 OK in 30ms (Views: 23.8ms | ActiveRecord: 0.0ms)


Started GET "/users" for ::1 at 2023-04-02 10:31:44 +1000
  
SyntaxError (/home/hue/Documents/private/frootbat-project/server/app/controllers/users_controller.rb:18: syntax error, unexpected symbol literal, expecting ')'
    params.require(:user).permit(:username, :pass...
                   ^
/home/hue/Documents/private/frootbat-project/server/app/controllers/users_controller.rb:21: syntax error, unexpected `end', expecting end-of-input):
  
app/controllers/users_controller.rb:18: syntax error, unexpected symbol literal, expecting ')'
app/controllers/users_controller.rb:21: syntax error, unexpected `end', expecting end-of-input
Started GET "/users" for ::1 at 2023-04-02 10:32:26 +1000
Processing by UsersController#index as HTML
  [1m[36mUser Load (2.5ms)[0m  [1m[34mSELECT "users".* FROM "users"[0m
  ↳ app/controllers/users_controller.rb:6
Completed 200 OK in 10ms (Views: 1.8ms | ActiveRecord: 5.2ms)


Started POST "/users" for ::1 at 2023-04-02 10:44:28 +1000
Processing by UsersController#create as JSON
  Parameters: {"user"=>{"username"=>"Leonardo Alvarez", "password"=>"[FILTERED]", "email"=>"leo@frootbat.com"}}
  [1m[35m (0.2ms)[0m  [1m[35mBEGIN[0m
  ↳ app/controllers/users_controller.rb:10
  [1m[36mUser Create (2.3ms)[0m  [1m[32mINSERT INTO "users" ("username", "email", "password_digest", "created_at", "updated_at") VALUES ($1, $2, $3, $4, $5) RETURNING "id"[0m  [["username", "Leonardo Alvarez"], ["email", "leo@frootbat.com"], ["password_digest", "$2a$12$r4j.Vz5S3kHhHVK066N8duYiiQSqkhnUpnAZt3EBCkwpP6.BnWYUW"], ["created_at", "2023-04-02 00:44:28.307248"], ["updated_at", "2023-04-02 00:44:28.307248"]]
  ↳ app/controllers/users_controller.rb:10
  [1m[35m (1.5ms)[0m  [1m[35mCOMMIT[0m
  ↳ app/controllers/users_controller.rb:10
Completed 201 Created in 256ms (Views: 0.4ms | ActiveRecord: 8.2ms)


Started GET "/users" for ::1 at 2023-04-02 10:44:32 +1000
Processing by UsersController#index as HTML
  [1m[36mUser Load (1.0ms)[0m  [1m[34mSELECT "users".* FROM "users"[0m
  ↳ app/controllers/users_controller.rb:6
Completed 200 OK in 5ms (Views: 3.1ms | ActiveRecord: 1.0ms)


